<?xml version="1.0" encoding="UTF-8"?>
<!-- Generated by org.testng.reporters.JUnitReportReporter -->
<testsuite skipped="0" hostname="DESKTOP-QJ5BB1P" name="TestNG_Classes.First_Class" tests="1" failures="0" timestamp="2021-12-28T19:37:16 IST" time="30.926" errors="0">
  <testcase name="foo_first" time="30.926" classname="TestNG_Classes.First_Class"/>
  <system-out/>
</testsuite> <!-- TestNG_Classes.First_Class -->
