<?xml version="1.0" encoding="UTF-8"?>
<!-- Generated by org.testng.reporters.JUnitReportReporter -->
<testsuite skipped="0" hostname="DESKTOP-QJ5BB1P" name="TestNG_Classes.First_Class" tests="1" failures="0" timestamp="2021-12-30T14:42:02 IST" time="18.989" errors="0">
  <testcase name="foo_first" time="18.989" classname="TestNG_Classes.First_Class"/>
  <system-out/>
</testsuite> <!-- TestNG_Classes.First_Class -->
