<?xml version="1.0" encoding="UTF-8"?>
<!-- Generated by org.testng.reporters.JUnitReportReporter -->
<testsuite skipped="0" hostname="DESKTOP-QJ5BB1P" name="TestNG_Classes.Second_Class" tests="1" failures="0" timestamp="2021-12-23T14:57:38 IST" time="8.476" errors="0">
  <testcase name="f" time="8.476" classname="TestNG_Classes.Second_Class"/>
  <system-out/>
</testsuite> <!-- TestNG_Classes.Second_Class -->
