<?xml version="1.0" encoding="UTF-8"?>
<!-- Generated by org.testng.reporters.JUnitReportReporter -->
<testsuite skipped="0" hostname="DESKTOP-QJ5BB1P" name="TestNG_Classes.Second_Class" tests="1" failures="0" timestamp="2021-12-23T16:48:53 IST" time="9.578" errors="0">
  <testcase name="foo_second" time="9.578" classname="TestNG_Classes.Second_Class"/>
  <system-out/>
</testsuite> <!-- TestNG_Classes.Second_Class -->
